2020-09-02 21:58:13,543 INFO o.a.j.u.JMeterUtils: Setting Locale to en_EN
2020-09-02 21:58:13,685 INFO o.a.j.JMeter: Loading user properties from: user.properties
2020-09-02 21:58:13,705 INFO o.a.j.JMeter: Loading system properties from: system.properties
2020-09-02 21:58:13,747 INFO o.a.j.JMeter: Copyright (c) 1998-2018 The Apache Software Foundation
2020-09-02 21:58:13,747 INFO o.a.j.JMeter: Version 5.0 r1840935
2020-09-02 21:58:13,747 INFO o.a.j.JMeter: java.version=1.8.0_162
2020-09-02 21:58:13,747 INFO o.a.j.JMeter: java.vm.name=Java HotSpot(TM) Client VM
2020-09-02 21:58:13,748 INFO o.a.j.JMeter: os.name=Windows 7
2020-09-02 21:58:13,748 INFO o.a.j.JMeter: os.arch=x86
2020-09-02 21:58:13,748 INFO o.a.j.JMeter: os.version=6.1
2020-09-02 21:58:13,748 INFO o.a.j.JMeter: file.encoding=Cp1252
2020-09-02 21:58:13,748 INFO o.a.j.JMeter: Max memory     =1073741824
2020-09-02 21:58:13,748 INFO o.a.j.JMeter: Available Processors =4
2020-09-02 21:58:13,802 INFO o.a.j.JMeter: Default Locale=English (EN)
2020-09-02 21:58:13,802 INFO o.a.j.JMeter: JMeter  Locale=English (EN)
2020-09-02 21:58:13,802 INFO o.a.j.JMeter: JMeterHome=E:\apache-jmeter-5.0\apache-jmeter-5.0\apache-jmeter-5.0
2020-09-02 21:58:13,802 INFO o.a.j.JMeter: user.dir  =E:\apache-jmeter-5.0\apache-jmeter-5.0\apache-jmeter-5.0\bin
2020-09-02 21:58:13,803 INFO o.a.j.JMeter: PWD       =E:\apache-jmeter-5.0\apache-jmeter-5.0\apache-jmeter-5.0\bin
2020-09-02 21:58:13,805 INFO o.a.j.JMeter: IP: 10.44.71.73 Name: FSSCHND11109 FullName: FSSCHND11109.fss.india
2020-09-02 21:58:15,164 INFO o.a.j.g.a.LookAndFeelCommand: Installing Darcula LAF
2020-09-02 21:58:15,273 INFO o.a.j.g.a.LookAndFeelCommand: Using look and feel: javax.swing.plaf.metal.MetalLookAndFeel [Darcula]
2020-09-02 21:58:15,274 INFO o.a.j.JMeter: Setting LAF to: javax.swing.plaf.metal.MetalLookAndFeel
2020-09-02 21:58:15,288 INFO o.a.j.JMeter: Loaded icon properties from org/apache/jmeter/images/icon.properties
2020-09-02 21:58:16,511 INFO o.a.j.e.u.CompoundVariable: Note: Function class names must contain the string: '.functions.'
2020-09-02 21:58:16,511 INFO o.a.j.e.u.CompoundVariable: Note: Function class names must not contain the string: '.gui.'
2020-09-02 21:58:20,430 INFO o.a.j.p.h.s.HTTPSamplerBase: Parser for text/html is org.apache.jmeter.protocol.http.parser.LagartoBasedHtmlParser
2020-09-02 21:58:20,431 INFO o.a.j.p.h.s.HTTPSamplerBase: Parser for application/xhtml+xml is org.apache.jmeter.protocol.http.parser.LagartoBasedHtmlParser
2020-09-02 21:58:20,431 INFO o.a.j.p.h.s.HTTPSamplerBase: Parser for application/xml is org.apache.jmeter.protocol.http.parser.LagartoBasedHtmlParser
2020-09-02 21:58:20,431 INFO o.a.j.p.h.s.HTTPSamplerBase: Parser for text/xml is org.apache.jmeter.protocol.http.parser.LagartoBasedHtmlParser
2020-09-02 21:58:20,432 INFO o.a.j.p.h.s.HTTPSamplerBase: Parser for text/vnd.wap.wml is org.apache.jmeter.protocol.http.parser.RegexpHTMLParser
2020-09-02 21:58:20,432 INFO o.a.j.p.h.s.HTTPSamplerBase: Parser for text/css is org.apache.jmeter.protocol.http.parser.CssParser
2020-09-02 21:58:23,277 INFO o.a.j.e.KeyToolUtils: keytool found at 'keytool'
2020-09-02 21:58:23,278 INFO o.a.j.p.h.p.ProxyControl: HTTP(S) Test Script Recorder SSL Proxy will use keys that support embedded 3rd party resources in file E:\apache-jmeter-5.0\apache-jmeter-5.0\apache-jmeter-5.0\bin\proxyserver.jks
2020-09-02 21:58:23,518 INFO o.a.j.s.FileServer: Default base='E:\apache-jmeter-5.0\apache-jmeter-5.0\apache-jmeter-5.0\bin'
2020-09-02 21:58:25,886 INFO o.a.j.s.SampleResult: Note: Sample TimeStamps are START times
2020-09-02 21:58:25,886 INFO o.a.j.s.SampleResult: sampleresult.default.encoding is set to ISO-8859-1
2020-09-02 21:58:25,886 INFO o.a.j.s.SampleResult: sampleresult.useNanoTime=true
2020-09-02 21:58:25,886 INFO o.a.j.s.SampleResult: sampleresult.nanoThreadSleep=5000
2020-09-02 22:01:59,568 INFO o.a.j.s.FileServer: Set new base='E:\apache-jmeter-5.0\apache-jmeter-5.0\apache-jmeter-5.0\bin'
2020-09-02 22:02:00,142 INFO o.a.j.s.SaveService: Testplan (JMX) version: 2.2. Testlog (JTL) version: 2.2
2020-09-02 22:02:00,274 INFO o.a.j.s.SaveService: Using SaveService properties file encoding UTF-8
2020-09-02 22:02:00,276 INFO o.a.j.s.SaveService: Using SaveService properties version 5.0
2020-09-02 22:02:00,309 INFO o.a.j.g.a.Load: Loading file: E:\apache-jmeter-5.0\apache-jmeter-5.0\apache-jmeter-5.0\bin\HTTP Request.jmx
2020-09-02 22:02:00,310 INFO o.a.j.s.FileServer: Set new base='E:\apache-jmeter-5.0\apache-jmeter-5.0\apache-jmeter-5.0\bin'
2020-09-02 22:02:00,310 INFO o.a.j.s.SaveService: Loading file: E:\apache-jmeter-5.0\apache-jmeter-5.0\apache-jmeter-5.0\bin\HTTP Request.jmx
2020-09-02 22:02:00,757 INFO o.a.j.s.FileServer: Set new base='E:\apache-jmeter-5.0\apache-jmeter-5.0\apache-jmeter-5.0\bin'
2020-09-02 22:02:25,998 INFO o.a.j.g.a.Load: Loading file: E:\apache-jmeter-5.0\apache-jmeter-5.0\apache-jmeter-5.0\bin\rba.jmx
2020-09-02 22:02:25,998 INFO o.a.j.s.FileServer: Set new base='E:\apache-jmeter-5.0\apache-jmeter-5.0\apache-jmeter-5.0\bin'
2020-09-02 22:02:25,998 INFO o.a.j.s.SaveService: Loading file: E:\apache-jmeter-5.0\apache-jmeter-5.0\apache-jmeter-5.0\bin\rba.jmx
2020-09-02 22:02:26,048 INFO o.a.j.s.FileServer: Set new base='E:\apache-jmeter-5.0\apache-jmeter-5.0\apache-jmeter-5.0\bin'
2020-09-02 22:02:41,357 INFO o.a.j.g.a.Load: Loading file: E:\apache-jmeter-5.0\apache-jmeter-5.0\apache-jmeter-5.0\bin\rba.jmx
2020-09-02 22:02:41,357 INFO o.a.j.s.FileServer: Set new base='E:\apache-jmeter-5.0\apache-jmeter-5.0\apache-jmeter-5.0\bin'
2020-09-02 22:02:41,359 INFO o.a.j.s.SaveService: Loading file: E:\apache-jmeter-5.0\apache-jmeter-5.0\apache-jmeter-5.0\bin\rba.jmx
2020-09-02 22:02:41,369 INFO o.a.j.s.FileServer: Set new base='E:\apache-jmeter-5.0\apache-jmeter-5.0\apache-jmeter-5.0\bin'
2020-09-02 22:02:53,781 INFO o.a.j.g.a.Load: Loading file: E:\apache-jmeter-5.0\apache-jmeter-5.0\apache-jmeter-5.0\bin\VijayaHLB.jmx
2020-09-02 22:02:53,782 INFO o.a.j.s.FileServer: Set new base='E:\apache-jmeter-5.0\apache-jmeter-5.0\apache-jmeter-5.0\bin'
2020-09-02 22:02:53,782 INFO o.a.j.s.SaveService: Loading file: E:\apache-jmeter-5.0\apache-jmeter-5.0\apache-jmeter-5.0\bin\VijayaHLB.jmx
2020-09-02 22:02:53,962 INFO o.a.j.s.FileServer: Set new base='E:\apache-jmeter-5.0\apache-jmeter-5.0\apache-jmeter-5.0\bin'
2020-09-02 22:08:29,727 INFO o.a.j.g.a.Load: Loading file: E:\apache-jmeter-5.0\apache-jmeter-5.0\apache-jmeter-5.0\bin\UNBI_6_0.jmx
2020-09-02 22:08:29,727 INFO o.a.j.s.FileServer: Set new base='E:\apache-jmeter-5.0\apache-jmeter-5.0\apache-jmeter-5.0\bin'
2020-09-02 22:08:29,727 INFO o.a.j.s.SaveService: Loading file: E:\apache-jmeter-5.0\apache-jmeter-5.0\apache-jmeter-5.0\bin\UNBI_6_0.jmx
2020-09-02 22:08:30,353 INFO o.a.j.s.FileServer: Set new base='E:\apache-jmeter-5.0\apache-jmeter-5.0\apache-jmeter-5.0\bin'
2020-09-02 22:12:54,352 INFO o.a.j.s.FileServer: Set new base='E:\apache-jmeter-5.0\apache-jmeter-5.0\apache-jmeter-5.0\bin'
2020-09-02 22:12:54,389 INFO o.a.j.e.StandardJMeterEngine: Running the test!
2020-09-02 22:12:54,391 INFO o.a.j.s.SampleEvent: List of sample_variables: []
2020-09-02 22:12:54,391 INFO o.a.j.s.SampleEvent: List of sample_variables: []
2020-09-02 22:12:54,397 INFO o.a.j.g.u.JMeterMenuBar: setRunning(true, *local*)
2020-09-02 22:12:54,680 INFO o.a.j.e.StandardJMeterEngine: No enabled thread groups found
2020-09-02 22:12:54,681 INFO o.a.j.e.StandardJMeterEngine: Notifying test listeners of end of test
2020-09-02 22:12:54,681 INFO o.a.j.g.u.JMeterMenuBar: setRunning(false, *local*)
2020-09-02 22:12:57,456 INFO o.a.j.e.StandardJMeterEngine: Running the test!
2020-09-02 22:12:57,456 INFO o.a.j.s.SampleEvent: List of sample_variables: []
2020-09-02 22:12:57,458 INFO o.a.j.g.u.JMeterMenuBar: setRunning(true, *local*)
2020-09-02 22:12:57,595 INFO o.a.j.e.StandardJMeterEngine: No enabled thread groups found
2020-09-02 22:12:57,595 INFO o.a.j.e.StandardJMeterEngine: Notifying test listeners of end of test
2020-09-02 22:12:57,595 INFO o.a.j.g.u.JMeterMenuBar: setRunning(false, *local*)
2020-09-02 22:13:29,047 INFO o.a.j.e.StandardJMeterEngine: Running the test!
2020-09-02 22:13:29,048 INFO o.a.j.s.SampleEvent: List of sample_variables: []
2020-09-02 22:13:29,050 INFO o.a.j.g.u.JMeterMenuBar: setRunning(true, *local*)
2020-09-02 22:13:29,184 INFO o.a.j.e.StandardJMeterEngine: No enabled thread groups found
2020-09-02 22:13:29,184 INFO o.a.j.e.StandardJMeterEngine: Notifying test listeners of end of test
2020-09-02 22:13:29,185 INFO o.a.j.g.u.JMeterMenuBar: setRunning(false, *local*)
2020-09-02 22:13:56,621 INFO o.a.j.e.StandardJMeterEngine: Running the test!
2020-09-02 22:13:56,622 INFO o.a.j.s.SampleEvent: List of sample_variables: []
2020-09-02 22:13:56,624 INFO o.a.j.g.u.JMeterMenuBar: setRunning(true, *local*)
2020-09-02 22:13:56,749 INFO o.a.j.e.StandardJMeterEngine: No enabled thread groups found
2020-09-02 22:13:56,749 INFO o.a.j.e.StandardJMeterEngine: Notifying test listeners of end of test
2020-09-02 22:13:56,749 INFO o.a.j.g.u.JMeterMenuBar: setRunning(false, *local*)
2020-09-02 22:14:34,629 INFO o.a.j.g.a.Load: Loading file: E:\apache-jmeter-5.0\apache-jmeter-5.0\apache-jmeter-5.0\bin\UNBI_6_0.jmx
2020-09-02 22:14:34,629 INFO o.a.j.s.FileServer: Set new base='E:\apache-jmeter-5.0\apache-jmeter-5.0\apache-jmeter-5.0\bin'
2020-09-02 22:14:34,629 INFO o.a.j.s.SaveService: Loading file: E:\apache-jmeter-5.0\apache-jmeter-5.0\apache-jmeter-5.0\bin\UNBI_6_0.jmx
2020-09-02 22:14:35,070 INFO o.a.j.s.FileServer: Set new base='E:\apache-jmeter-5.0\apache-jmeter-5.0\apache-jmeter-5.0\bin'
2020-09-02 22:15:36,134 INFO o.a.j.g.a.Load: Loading file: E:\apache-jmeter-5.0\apache-jmeter-5.0\apache-jmeter-5.0\bin\spacex.jmx
2020-09-02 22:15:36,134 INFO o.a.j.s.FileServer: Set new base='E:\apache-jmeter-5.0\apache-jmeter-5.0\apache-jmeter-5.0\bin'
2020-09-02 22:15:36,134 INFO o.a.j.s.SaveService: Loading file: E:\apache-jmeter-5.0\apache-jmeter-5.0\apache-jmeter-5.0\bin\spacex.jmx
2020-09-02 22:15:36,233 INFO o.a.j.s.FileServer: Set new base='E:\apache-jmeter-5.0\apache-jmeter-5.0\apache-jmeter-5.0\bin'
2020-09-02 22:19:09,309 INFO o.a.j.e.StandardJMeterEngine: Running the test!
2020-09-02 22:19:09,310 INFO o.a.j.s.SampleEvent: List of sample_variables: []
2020-09-02 22:19:09,311 INFO o.a.j.g.u.JMeterMenuBar: setRunning(true, *local*)
2020-09-02 22:19:09,493 INFO o.a.j.e.StandardJMeterEngine: Starting ThreadGroup: 1 : Thread Group
2020-09-02 22:19:09,494 INFO o.a.j.e.StandardJMeterEngine: Starting 1 threads for group Thread Group.
2020-09-02 22:19:09,494 INFO o.a.j.e.StandardJMeterEngine: Thread will continue on error
2020-09-02 22:19:09,494 INFO o.a.j.t.ThreadGroup: Starting thread group... number=1 threads=1 ramp-up=1 perThread=1000.0 delayedStart=false
2020-09-02 22:19:09,497 INFO o.a.j.t.ThreadGroup: Started thread group number 1
2020-09-02 22:19:09,497 INFO o.a.j.e.StandardJMeterEngine: All thread groups have been started
2020-09-02 22:19:09,499 INFO o.a.j.t.JMeterThread: Thread started: Thread Group 1-1
2020-09-02 22:19:09,561 INFO o.a.j.p.h.s.HTTPHCAbstractImpl: Local host = FSSCHND11109
2020-09-02 22:19:09,572 INFO o.a.j.p.h.s.HTTPHC4Impl: HTTP request retry count = 0
2020-09-02 22:19:09,686 INFO o.a.j.t.JMeterThread: Thread is done: Thread Group 1-1
2020-09-02 22:19:09,686 INFO o.a.j.t.JMeterThread: Thread finished: Thread Group 1-1
2020-09-02 22:19:09,687 INFO o.a.j.e.StandardJMeterEngine: Notifying test listeners of end of test
2020-09-02 22:19:09,687 INFO o.a.j.g.u.JMeterMenuBar: setRunning(false, *local*)
2020-09-02 22:22:03,556 ERROR o.a.j.JMeter: Uncaught exception: 
java.awt.IllegalComponentStateException: component must be showing on the screen to determine its location
	at java.awt.Component.getLocationOnScreen_NoTreeLock(Unknown Source) ~[?:1.8.0_162]
	at java.awt.Component.getLocationOnScreen(Unknown Source) ~[?:1.8.0_162]
	at javax.swing.text.JTextComponent$InputMethodRequestsHandler.getTextLocation(Unknown Source) ~[?:1.8.0_162]
	at sun.awt.im.InputMethodContext.getTextLocation(Unknown Source) ~[?:1.8.0_162]
	at sun.awt.windows.WInputMethod$1.run(Unknown Source) ~[?:1.8.0_162]
	at java.awt.event.InvocationEvent.dispatch(Unknown Source) ~[?:1.8.0_162]
	at java.awt.EventQueue.dispatchEventImpl(Unknown Source) ~[?:1.8.0_162]
	at java.awt.EventQueue.access$500(Unknown Source) ~[?:1.8.0_162]
	at java.awt.EventQueue$3.run(Unknown Source) ~[?:1.8.0_162]
	at java.awt.EventQueue$3.run(Unknown Source) ~[?:1.8.0_162]
	at java.security.AccessController.doPrivileged(Native Method) ~[?:1.8.0_162]
	at java.security.ProtectionDomain$JavaSecurityAccessImpl.doIntersectionPrivilege(Unknown Source) ~[?:1.8.0_162]
	at java.security.ProtectionDomain$JavaSecurityAccessImpl.doIntersectionPrivilege(Unknown Source) ~[?:1.8.0_162]
	at java.awt.EventQueue$4.run(Unknown Source) ~[?:1.8.0_162]
	at java.awt.EventQueue$4.run(Unknown Source) ~[?:1.8.0_162]
	at java.security.AccessController.doPrivileged(Native Method) ~[?:1.8.0_162]
	at java.security.ProtectionDomain$JavaSecurityAccessImpl.doIntersectionPrivilege(Unknown Source) ~[?:1.8.0_162]
	at java.awt.EventQueue.dispatchEvent(Unknown Source) ~[?:1.8.0_162]
	at java.awt.EventDispatchThread.pumpOneEventForFilters(Unknown Source) [?:1.8.0_162]
	at java.awt.EventDispatchThread.pumpEventsForFilter(Unknown Source) [?:1.8.0_162]
	at java.awt.EventDispatchThread.pumpEventsForHierarchy(Unknown Source) [?:1.8.0_162]
	at java.awt.EventDispatchThread.pumpEvents(Unknown Source) [?:1.8.0_162]
	at java.awt.EventDispatchThread.pumpEvents(Unknown Source) [?:1.8.0_162]
	at java.awt.EventDispatchThread.run(Unknown Source) [?:1.8.0_162]
2020-09-02 22:22:08,013 INFO o.a.j.e.StandardJMeterEngine: Running the test!
2020-09-02 22:22:08,014 INFO o.a.j.s.SampleEvent: List of sample_variables: []
2020-09-02 22:22:08,017 INFO o.a.j.g.u.JMeterMenuBar: setRunning(true, *local*)
2020-09-02 22:22:08,219 INFO o.a.j.e.StandardJMeterEngine: Starting ThreadGroup: 1 : Thread Group
2020-09-02 22:22:08,219 INFO o.a.j.e.StandardJMeterEngine: Starting 1 threads for group Thread Group.
2020-09-02 22:22:08,219 INFO o.a.j.e.StandardJMeterEngine: Thread will continue on error
2020-09-02 22:22:08,219 INFO o.a.j.t.ThreadGroup: Starting thread group... number=1 threads=1 ramp-up=1 perThread=1000.0 delayedStart=false
2020-09-02 22:22:08,220 INFO o.a.j.t.ThreadGroup: Started thread group number 1
2020-09-02 22:22:08,220 INFO o.a.j.e.StandardJMeterEngine: All thread groups have been started
2020-09-02 22:22:08,221 INFO o.a.j.t.JMeterThread: Thread started: Thread Group 1-1
2020-09-02 22:22:08,397 INFO o.a.j.p.h.s.h.LazyLayeredConnectionSocketFactory: Setting up HTTPS TrustAll Socket Factory
2020-09-02 22:22:08,433 INFO o.a.j.u.JsseSSLManager: Using default SSL protocol: TLS
2020-09-02 22:22:08,433 INFO o.a.j.u.JsseSSLManager: SSL session context: per-thread
2020-09-02 22:22:32,761 INFO o.a.j.g.a.Start: Stopping test
2020-09-02 22:22:32,829 INFO o.a.j.t.JMeterThread: Stopping: Thread Group 1-1
2020-09-02 22:22:32,830 WARN o.a.j.t.JMeterThread: Interrupting: Thread Group 1-1 sampler: HTTP Request
2020-09-02 22:22:32,833 INFO o.a.j.t.JMeterThread: Thread is done: Thread Group 1-1
2020-09-02 22:22:32,833 INFO o.a.j.t.JMeterThread: Thread finished: Thread Group 1-1
2020-09-02 22:22:32,833 INFO o.a.j.e.StandardJMeterEngine: Notifying test listeners of end of test
2020-09-02 22:22:32,833 INFO o.a.j.g.u.JMeterMenuBar: setRunning(false, *local*)
2020-09-02 22:23:37,713 INFO o.a.j.e.StandardJMeterEngine: Running the test!
2020-09-02 22:23:37,714 INFO o.a.j.s.SampleEvent: List of sample_variables: []
2020-09-02 22:23:37,718 INFO o.a.j.g.u.JMeterMenuBar: setRunning(true, *local*)
2020-09-02 22:23:37,886 INFO o.a.j.e.StandardJMeterEngine: Starting ThreadGroup: 1 : Thread Group
2020-09-02 22:23:37,887 INFO o.a.j.e.StandardJMeterEngine: Starting 1 threads for group Thread Group.
2020-09-02 22:23:37,887 INFO o.a.j.e.StandardJMeterEngine: Thread will continue on error
2020-09-02 22:23:37,887 INFO o.a.j.t.ThreadGroup: Starting thread group... number=1 threads=1 ramp-up=1 perThread=1000.0 delayedStart=false
2020-09-02 22:23:37,888 INFO o.a.j.t.ThreadGroup: Started thread group number 1
2020-09-02 22:23:37,888 INFO o.a.j.e.StandardJMeterEngine: All thread groups have been started
2020-09-02 22:23:37,889 INFO o.a.j.t.JMeterThread: Thread started: Thread Group 1-1
2020-09-02 22:24:40,894 INFO o.a.j.t.JMeterThread: Thread is done: Thread Group 1-1
2020-09-02 22:24:40,894 INFO o.a.j.t.JMeterThread: Thread finished: Thread Group 1-1
2020-09-02 22:24:40,895 INFO o.a.j.e.StandardJMeterEngine: Notifying test listeners of end of test
2020-09-02 22:24:40,895 INFO o.a.j.g.u.JMeterMenuBar: setRunning(false, *local*)
2020-09-02 22:28:50,989 INFO o.a.j.g.a.Load: Loading file: E:\apache-jmeter-5.0\apache-jmeter-5.0\apache-jmeter-5.0\bin\UNBI_6_0.jmx
2020-09-02 22:28:50,989 INFO o.a.j.s.FileServer: Set new base='E:\apache-jmeter-5.0\apache-jmeter-5.0\apache-jmeter-5.0\bin'
2020-09-02 22:28:50,989 INFO o.a.j.s.SaveService: Loading file: E:\apache-jmeter-5.0\apache-jmeter-5.0\apache-jmeter-5.0\bin\UNBI_6_0.jmx
2020-09-02 22:28:51,574 INFO o.a.j.s.FileServer: Set new base='E:\apache-jmeter-5.0\apache-jmeter-5.0\apache-jmeter-5.0\bin'
2020-09-02 22:31:44,416 INFO o.a.j.g.a.Load: Loading file: E:\apache-jmeter-5.0\apache-jmeter-5.0\apache-jmeter-5.0\backups\UNBI_6_0-000106.jmx
2020-09-02 22:31:44,416 INFO o.a.j.s.FileServer: Set new base='E:\apache-jmeter-5.0\apache-jmeter-5.0\apache-jmeter-5.0\backups'
2020-09-02 22:31:44,416 INFO o.a.j.s.SaveService: Loading file: E:\apache-jmeter-5.0\apache-jmeter-5.0\apache-jmeter-5.0\backups\UNBI_6_0-000106.jmx
2020-09-02 22:31:44,840 INFO o.a.j.s.FileServer: Set new base='E:\apache-jmeter-5.0\apache-jmeter-5.0\apache-jmeter-5.0\backups'
2020-09-02 22:34:18,342 INFO o.a.j.g.a.Load: Loading file: E:\apache-jmeter-5.0\apache-jmeter-5.0\apache-jmeter-5.0\bin\spacex.jmx
2020-09-02 22:34:18,343 INFO o.a.j.s.FileServer: Set new base='E:\apache-jmeter-5.0\apache-jmeter-5.0\apache-jmeter-5.0\bin'
2020-09-02 22:34:18,343 INFO o.a.j.s.SaveService: Loading file: E:\apache-jmeter-5.0\apache-jmeter-5.0\apache-jmeter-5.0\bin\spacex.jmx
2020-09-02 22:34:18,403 INFO o.a.j.s.FileServer: Set new base='E:\apache-jmeter-5.0\apache-jmeter-5.0\apache-jmeter-5.0\bin'
2020-09-02 22:41:31,791 WARN o.a.j.s.CSVSaveService: Unknown column name Test1
2020-09-02 22:41:31,801 WARN o.a.j.s.CSVSaveService: Unknown column name Test1
2020-09-02 22:41:31,802 INFO o.a.j.s.CSVSaveService: E:\apache-jmeter-5.0\apache-jmeter-5.0\apache-jmeter-5.0\bin\spacex\createresult.csv does not appear to have a valid header. Using default configuration.
2020-09-02 22:41:31,804 WARN o.a.j.s.CSVSaveService: Cannot parse timestamp: 'Test1', will try following formats [yyyy/MM/dd HH:mm:ss.SSS, yyyy/MM/dd HH:mm:ss, yyyy-MM-dd HH:mm:ss.SSS, yyyy-MM-dd HH:mm:ss, MM/dd/yy HH:mm:ss]
2020-09-02 22:41:31,805 INFO o.a.j.s.CSVSaveService: Test1 did not match yyyy/MM/dd HH:mm:ss.SSS, trying next date format
2020-09-02 22:41:31,805 INFO o.a.j.s.CSVSaveService: Test1 did not match yyyy/MM/dd HH:mm:ss, trying next date format
2020-09-02 22:41:31,806 INFO o.a.j.s.CSVSaveService: Test1 did not match yyyy-MM-dd HH:mm:ss.SSS, trying next date format
2020-09-02 22:41:31,806 INFO o.a.j.s.CSVSaveService: Test1 did not match yyyy-MM-dd HH:mm:ss, trying next date format
2020-09-02 22:41:31,807 INFO o.a.j.s.CSVSaveService: Test1 did not match MM/dd/yy HH:mm:ss, trying next date format
2020-09-02 22:41:31,807 WARN o.a.j.s.CSVSaveService: Error parsing field 'timeStamp' at line 1. java.text.ParseException: No date-time format found matching Test1
2020-09-02 22:41:31,807 WARN o.a.j.r.ResultCollector: Problem reading JTL file: E:\apache-jmeter-5.0\apache-jmeter-5.0\apache-jmeter-5.0\bin\spacex\createresult.csv
org.apache.jorphan.util.JMeterError: java.text.ParseException: No date-time format found matching Test1
	at org.apache.jmeter.save.CSVSaveService.makeResultFromDelimitedString(CSVSaveService.java:376) ~[ApacheJMeter_core.jar:5.0 r1840935]
	at org.apache.jmeter.save.CSVSaveService.processSamples(CSVSaveService.java:171) ~[ApacheJMeter_core.jar:5.0 r1840935]
	at org.apache.jmeter.reporters.ResultCollector.loadExistingFile(ResultCollector.java:380) [ApacheJMeter_core.jar:5.0 r1840935]
	at org.apache.jmeter.visualizers.gui.AbstractVisualizer.stateChanged(AbstractVisualizer.java:257) [ApacheJMeter_core.jar:5.0 r1840935]
	at org.apache.jmeter.gui.util.FilePanelEntry.fireFileChanged(FilePanelEntry.java:146) [ApacheJMeter_core.jar:5.0 r1840935]
	at org.apache.jmeter.gui.util.FilePanelEntry.actionPerformed(FilePanelEntry.java:161) [ApacheJMeter_core.jar:5.0 r1840935]
	at javax.swing.AbstractButton.fireActionPerformed(Unknown Source) [?:1.8.0_162]
	at javax.swing.AbstractButton$Handler.actionPerformed(Unknown Source) [?:1.8.0_162]
	at javax.swing.DefaultButtonModel.fireActionPerformed(Unknown Source) [?:1.8.0_162]
	at javax.swing.DefaultButtonModel.setPressed(Unknown Source) [?:1.8.0_162]
	at javax.swing.plaf.basic.BasicButtonListener.mouseReleased(Unknown Source) [?:1.8.0_162]
	at java.awt.Component.processMouseEvent(Unknown Source) [?:1.8.0_162]
	at javax.swing.JComponent.processMouseEvent(Unknown Source) [?:1.8.0_162]
	at java.awt.Component.processEvent(Unknown Source) [?:1.8.0_162]
	at java.awt.Container.processEvent(Unknown Source) [?:1.8.0_162]
	at java.awt.Component.dispatchEventImpl(Unknown Source) [?:1.8.0_162]
	at java.awt.Container.dispatchEventImpl(Unknown Source) [?:1.8.0_162]
	at java.awt.Component.dispatchEvent(Unknown Source) [?:1.8.0_162]
	at java.awt.LightweightDispatcher.retargetMouseEvent(Unknown Source) [?:1.8.0_162]
	at java.awt.LightweightDispatcher.processMouseEvent(Unknown Source) [?:1.8.0_162]
	at java.awt.LightweightDispatcher.dispatchEvent(Unknown Source) [?:1.8.0_162]
	at java.awt.Container.dispatchEventImpl(Unknown Source) [?:1.8.0_162]
	at java.awt.Window.dispatchEventImpl(Unknown Source) [?:1.8.0_162]
	at java.awt.Component.dispatchEvent(Unknown Source) [?:1.8.0_162]
	at java.awt.EventQueue.dispatchEventImpl(Unknown Source) [?:1.8.0_162]
	at java.awt.EventQueue.access$500(Unknown Source) [?:1.8.0_162]
	at java.awt.EventQueue$3.run(Unknown Source) [?:1.8.0_162]
	at java.awt.EventQueue$3.run(Unknown Source) [?:1.8.0_162]
	at java.security.AccessController.doPrivileged(Native Method) [?:1.8.0_162]
	at java.security.ProtectionDomain$JavaSecurityAccessImpl.doIntersectionPrivilege(Unknown Source) [?:1.8.0_162]
	at java.security.ProtectionDomain$JavaSecurityAccessImpl.doIntersectionPrivilege(Unknown Source) [?:1.8.0_162]
	at java.awt.EventQueue$4.run(Unknown Source) [?:1.8.0_162]
	at java.awt.EventQueue$4.run(Unknown Source) [?:1.8.0_162]
	at java.security.AccessController.doPrivileged(Native Method) [?:1.8.0_162]
	at java.security.ProtectionDomain$JavaSecurityAccessImpl.doIntersectionPrivilege(Unknown Source) [?:1.8.0_162]
	at java.awt.EventQueue.dispatchEvent(Unknown Source) [?:1.8.0_162]
	at java.awt.EventDispatchThread.pumpOneEventForFilters(Unknown Source) [?:1.8.0_162]
	at java.awt.EventDispatchThread.pumpEventsForFilter(Unknown Source) [?:1.8.0_162]
	at java.awt.EventDispatchThread.pumpEventsForHierarchy(Unknown Source) [?:1.8.0_162]
	at java.awt.EventDispatchThread.pumpEvents(Unknown Source) [?:1.8.0_162]
	at java.awt.EventDispatchThread.pumpEvents(Unknown Source) [?:1.8.0_162]
	at java.awt.EventDispatchThread.run(Unknown Source) [?:1.8.0_162]
Caused by: java.text.ParseException: No date-time format found matching Test1
	at org.apache.jmeter.save.CSVSaveService.makeResultFromDelimitedString(CSVSaveService.java:233) ~[ApacheJMeter_core.jar:5.0 r1840935]
	... 41 more
2020-09-02 22:42:37,059 INFO o.a.j.e.StandardJMeterEngine: Running the test!
2020-09-02 22:42:37,061 INFO o.a.j.s.SampleEvent: List of sample_variables: []
2020-09-02 22:42:37,077 INFO o.a.j.g.u.JMeterMenuBar: setRunning(true, *local*)
2020-09-02 22:42:37,411 INFO o.a.j.e.StandardJMeterEngine: Starting ThreadGroup: 1 : Thread Group
2020-09-02 22:42:37,411 INFO o.a.j.e.StandardJMeterEngine: Starting 1 threads for group Thread Group.
2020-09-02 22:42:37,411 INFO o.a.j.e.StandardJMeterEngine: Thread will continue on error
2020-09-02 22:42:37,411 INFO o.a.j.t.ThreadGroup: Starting thread group... number=1 threads=1 ramp-up=1 perThread=1000.0 delayedStart=false
2020-09-02 22:42:37,414 INFO o.a.j.t.ThreadGroup: Started thread group number 1
2020-09-02 22:42:37,414 INFO o.a.j.e.StandardJMeterEngine: All thread groups have been started
2020-09-02 22:42:37,422 INFO o.a.j.t.JMeterThread: Thread started: Thread Group 1-1
2020-09-02 22:42:37,423 INFO o.a.j.s.FileServer: Stored: E:/apache-jmeter-5.0/apache-jmeter-5.0/apache-jmeter-5.0/bin/spacex/create.csv
2020-09-02 22:45:25,734 INFO o.a.j.t.JMeterThread: Thread is done: Thread Group 1-1
2020-09-02 22:45:25,734 INFO o.a.j.t.JMeterThread: Thread finished: Thread Group 1-1
2020-09-02 22:45:25,735 INFO o.a.j.e.StandardJMeterEngine: Notifying test listeners of end of test
2020-09-02 22:45:25,735 INFO o.a.j.s.FileServer: Close: E:/apache-jmeter-5.0/apache-jmeter-5.0/apache-jmeter-5.0/bin/spacex/create.csv
2020-09-02 22:45:25,738 INFO o.a.j.g.u.JMeterMenuBar: setRunning(false, *local*)
2020-09-02 22:49:29,319 INFO o.a.j.e.StandardJMeterEngine: Running the test!
2020-09-02 22:49:29,320 INFO o.a.j.s.SampleEvent: List of sample_variables: []
2020-09-02 22:49:29,326 INFO o.a.j.g.u.JMeterMenuBar: setRunning(true, *local*)
2020-09-02 22:49:29,556 INFO o.a.j.e.StandardJMeterEngine: Starting ThreadGroup: 1 : Thread Group
2020-09-02 22:49:29,557 INFO o.a.j.e.StandardJMeterEngine: Starting 1 threads for group Thread Group.
2020-09-02 22:49:29,557 INFO o.a.j.e.StandardJMeterEngine: Thread will continue on error
2020-09-02 22:49:29,557 INFO o.a.j.t.ThreadGroup: Starting thread group... number=1 threads=1 ramp-up=1 perThread=1000.0 delayedStart=false
2020-09-02 22:49:29,558 INFO o.a.j.t.ThreadGroup: Started thread group number 1
2020-09-02 22:49:29,558 INFO o.a.j.e.StandardJMeterEngine: All thread groups have been started
2020-09-02 22:49:29,559 INFO o.a.j.t.JMeterThread: Thread started: Thread Group 1-1
2020-09-02 22:49:29,560 INFO o.a.j.s.FileServer: Stored: E:/apache-jmeter-5.0/apache-jmeter-5.0/apache-jmeter-5.0/bin/spacex/create.csv
2020-09-02 22:52:17,634 INFO o.a.j.t.JMeterThread: Thread is done: Thread Group 1-1
2020-09-02 22:52:17,634 INFO o.a.j.t.JMeterThread: Thread finished: Thread Group 1-1
2020-09-02 22:52:17,635 INFO o.a.j.e.StandardJMeterEngine: Notifying test listeners of end of test
2020-09-02 22:52:17,636 INFO o.a.j.s.FileServer: Close: E:/apache-jmeter-5.0/apache-jmeter-5.0/apache-jmeter-5.0/bin/spacex/create.csv
2020-09-02 22:52:17,637 INFO o.a.j.g.u.JMeterMenuBar: setRunning(false, *local*)
2020-09-02 23:20:50,165 INFO o.a.j.e.StandardJMeterEngine: Running the test!
2020-09-02 23:20:50,166 INFO o.a.j.s.SampleEvent: List of sample_variables: []
2020-09-02 23:20:50,200 INFO o.a.j.g.u.JMeterMenuBar: setRunning(true, *local*)
2020-09-02 23:20:50,406 INFO o.a.j.e.StandardJMeterEngine: Starting ThreadGroup: 1 : Create
2020-09-02 23:20:50,406 INFO o.a.j.e.StandardJMeterEngine: Starting 1 threads for group Create.
2020-09-02 23:20:50,406 INFO o.a.j.e.StandardJMeterEngine: Thread will continue on error
2020-09-02 23:20:50,406 INFO o.a.j.t.ThreadGroup: Starting thread group... number=1 threads=1 ramp-up=1 perThread=1000.0 delayedStart=false
2020-09-02 23:20:50,407 INFO o.a.j.t.ThreadGroup: Started thread group number 1
2020-09-02 23:20:50,407 INFO o.a.j.e.StandardJMeterEngine: Starting ThreadGroup: 2 : update
2020-09-02 23:20:50,407 INFO o.a.j.e.StandardJMeterEngine: Starting 1 threads for group update.
2020-09-02 23:20:50,408 INFO o.a.j.e.StandardJMeterEngine: Thread will continue on error
2020-09-02 23:20:50,409 INFO o.a.j.t.ThreadGroup: Starting thread group... number=2 threads=1 ramp-up=1 perThread=1000.0 delayedStart=false
2020-09-02 23:20:50,410 INFO o.a.j.t.ThreadGroup: Started thread group number 2
2020-09-02 23:20:50,410 INFO o.a.j.e.StandardJMeterEngine: Starting ThreadGroup: 3 : Delete
2020-09-02 23:20:50,410 INFO o.a.j.e.StandardJMeterEngine: Starting 1 threads for group Delete.
2020-09-02 23:20:50,410 INFO o.a.j.e.StandardJMeterEngine: Thread will continue on error
2020-09-02 23:20:50,411 INFO o.a.j.t.ThreadGroup: Starting thread group... number=3 threads=1 ramp-up=1 perThread=1000.0 delayedStart=false
2020-09-02 23:20:50,414 INFO o.a.j.t.JMeterThread: Thread started: Create 1-1
2020-09-02 23:20:50,414 INFO o.a.j.s.FileServer: Stored: E:/apache-jmeter-5.0/apache-jmeter-5.0/apache-jmeter-5.0/bin/spacex/create.csv
2020-09-02 23:20:50,418 INFO o.a.j.t.ThreadGroup: Started thread group number 3
2020-09-02 23:20:50,419 INFO o.a.j.e.StandardJMeterEngine: All thread groups have been started
2020-09-02 23:20:50,421 INFO o.a.j.t.JMeterThread: Thread started: Delete 3-1
2020-09-02 23:20:50,422 INFO o.a.j.s.FileServer: Stored: E:/apache-jmeter-5.0/apache-jmeter-5.0/apache-jmeter-5.0/bin/spacex/delete.csv
2020-09-02 23:20:50,422 ERROR o.a.j.t.JMeterThread: Test failed!
java.lang.IllegalArgumentException: File delete.csv must exist and be readable
	at org.apache.jmeter.services.FileServer.createBufferedReader(FileServer.java:424) ~[ApacheJMeter_core.jar:5.0 r1840935]
	at org.apache.jmeter.services.FileServer.readLine(FileServer.java:340) ~[ApacheJMeter_core.jar:5.0 r1840935]
	at org.apache.jmeter.config.CSVDataSet.iterationStart(CSVDataSet.java:205) ~[ApacheJMeter_components.jar:5.0 r1840935]
	at org.apache.jmeter.control.GenericController.fireIterationStart(GenericController.java:399) ~[ApacheJMeter_core.jar:5.0 r1840935]
	at org.apache.jmeter.control.GenericController.fireIterEvents(GenericController.java:391) ~[ApacheJMeter_core.jar:5.0 r1840935]
	at org.apache.jmeter.control.GenericController.next(GenericController.java:160) ~[ApacheJMeter_core.jar:5.0 r1840935]
	at org.apache.jmeter.control.LoopController.next(LoopController.java:134) ~[ApacheJMeter_core.jar:5.0 r1840935]
	at org.apache.jmeter.threads.AbstractThreadGroup.next(AbstractThreadGroup.java:87) ~[ApacheJMeter_core.jar:5.0 r1840935]
	at org.apache.jmeter.threads.JMeterThread.run(JMeterThread.java:251) [ApacheJMeter_core.jar:5.0 r1840935]
	at java.lang.Thread.run(Unknown Source) [?:1.8.0_162]
2020-09-02 23:20:50,423 INFO o.a.j.t.JMeterThread: Thread finished: Delete 3-1
2020-09-02 23:20:50,423 INFO o.a.j.t.JMeterThread: Thread started: update 2-1
2020-09-02 23:20:50,424 INFO o.a.j.s.FileServer: Stored: E:/apache-jmeter-5.0/apache-jmeter-5.0/apache-jmeter-5.0/bin/spacex/update.csv
2020-09-02 23:20:50,424 ERROR o.a.j.t.JMeterThread: Test failed!
java.lang.IllegalArgumentException: File update.csv must exist and be readable
	at org.apache.jmeter.services.FileServer.createBufferedReader(FileServer.java:424) ~[ApacheJMeter_core.jar:5.0 r1840935]
	at org.apache.jmeter.services.FileServer.readLine(FileServer.java:340) ~[ApacheJMeter_core.jar:5.0 r1840935]
	at org.apache.jmeter.config.CSVDataSet.iterationStart(CSVDataSet.java:205) ~[ApacheJMeter_components.jar:5.0 r1840935]
	at org.apache.jmeter.control.GenericController.fireIterationStart(GenericController.java:399) ~[ApacheJMeter_core.jar:5.0 r1840935]
	at org.apache.jmeter.control.GenericController.fireIterEvents(GenericController.java:391) ~[ApacheJMeter_core.jar:5.0 r1840935]
	at org.apache.jmeter.control.GenericController.next(GenericController.java:160) ~[ApacheJMeter_core.jar:5.0 r1840935]
	at org.apache.jmeter.control.LoopController.next(LoopController.java:134) ~[ApacheJMeter_core.jar:5.0 r1840935]
	at org.apache.jmeter.threads.AbstractThreadGroup.next(AbstractThreadGroup.java:87) ~[ApacheJMeter_core.jar:5.0 r1840935]
	at org.apache.jmeter.threads.JMeterThread.run(JMeterThread.java:251) [ApacheJMeter_core.jar:5.0 r1840935]
	at java.lang.Thread.run(Unknown Source) [?:1.8.0_162]
2020-09-02 23:20:50,425 INFO o.a.j.t.JMeterThread: Thread finished: update 2-1
2020-09-02 23:21:09,191 INFO o.a.j.g.a.Start: Stopping test
2020-09-02 23:21:09,253 INFO o.a.j.t.JMeterThread: Stopping: Create 1-1
2020-09-02 23:21:09,254 WARN o.a.j.t.JMeterThread: Interrupting: Create 1-1 sampler: HTTP Request
2020-09-02 23:21:09,256 INFO o.a.j.t.JMeterThread: Thread finished: Create 1-1
2020-09-02 23:21:09,256 INFO o.a.j.e.StandardJMeterEngine: Notifying test listeners of end of test
2020-09-02 23:21:09,257 INFO o.a.j.s.FileServer: Close: E:/apache-jmeter-5.0/apache-jmeter-5.0/apache-jmeter-5.0/bin/spacex/create.csv
2020-09-02 23:21:09,258 INFO o.a.j.g.u.JMeterMenuBar: setRunning(false, *local*)
2020-09-02 23:21:25,146 INFO o.a.j.e.StandardJMeterEngine: Running the test!
2020-09-02 23:21:25,147 INFO o.a.j.s.SampleEvent: List of sample_variables: []
2020-09-02 23:21:25,153 INFO o.a.j.g.u.JMeterMenuBar: setRunning(true, *local*)
2020-09-02 23:21:25,354 INFO o.a.j.e.StandardJMeterEngine: Starting ThreadGroup: 1 : Create
2020-09-02 23:21:25,354 INFO o.a.j.e.StandardJMeterEngine: Starting 1 threads for group Create.
2020-09-02 23:21:25,354 INFO o.a.j.e.StandardJMeterEngine: Thread will continue on error
2020-09-02 23:21:25,354 INFO o.a.j.t.ThreadGroup: Starting thread group... number=1 threads=1 ramp-up=1 perThread=1000.0 delayedStart=false
2020-09-02 23:21:25,355 INFO o.a.j.t.ThreadGroup: Started thread group number 1
2020-09-02 23:21:25,355 INFO o.a.j.e.StandardJMeterEngine: Starting ThreadGroup: 2 : update
2020-09-02 23:21:25,356 INFO o.a.j.e.StandardJMeterEngine: Starting 1 threads for group update.
2020-09-02 23:21:25,356 INFO o.a.j.e.StandardJMeterEngine: Thread will continue on error
2020-09-02 23:21:25,356 INFO o.a.j.t.ThreadGroup: Starting thread group... number=2 threads=1 ramp-up=1 perThread=1000.0 delayedStart=false
2020-09-02 23:21:25,356 INFO o.a.j.t.JMeterThread: Thread started: Create 1-1
2020-09-02 23:21:25,356 INFO o.a.j.s.FileServer: Stored: E:/apache-jmeter-5.0/apache-jmeter-5.0/apache-jmeter-5.0/bin/spacex/create.csv
2020-09-02 23:21:25,357 INFO o.a.j.t.ThreadGroup: Started thread group number 2
2020-09-02 23:21:25,357 INFO o.a.j.e.StandardJMeterEngine: Starting ThreadGroup: 3 : Delete
2020-09-02 23:21:25,357 INFO o.a.j.e.StandardJMeterEngine: Starting 1 threads for group Delete.
2020-09-02 23:21:25,357 INFO o.a.j.e.StandardJMeterEngine: Thread will continue on error
2020-09-02 23:21:25,358 INFO o.a.j.t.ThreadGroup: Starting thread group... number=3 threads=1 ramp-up=1 perThread=1000.0 delayedStart=false
2020-09-02 23:21:25,357 INFO o.a.j.t.JMeterThread: Thread started: update 2-1
2020-09-02 23:21:25,358 INFO o.a.j.s.FileServer: Stored: E:/apache-jmeter-5.0/apache-jmeter-5.0/apache-jmeter-5.0/bin/spacex/update.csv
2020-09-02 23:21:25,359 INFO o.a.j.t.ThreadGroup: Started thread group number 3
2020-09-02 23:21:25,359 INFO o.a.j.e.StandardJMeterEngine: All thread groups have been started
2020-09-02 23:21:25,358 ERROR o.a.j.t.JMeterThread: Test failed!
java.lang.IllegalArgumentException: File update.csv must exist and be readable
	at org.apache.jmeter.services.FileServer.createBufferedReader(FileServer.java:424) ~[ApacheJMeter_core.jar:5.0 r1840935]
	at org.apache.jmeter.services.FileServer.readLine(FileServer.java:340) ~[ApacheJMeter_core.jar:5.0 r1840935]
	at org.apache.jmeter.config.CSVDataSet.iterationStart(CSVDataSet.java:205) ~[ApacheJMeter_components.jar:5.0 r1840935]
	at org.apache.jmeter.control.GenericController.fireIterationStart(GenericController.java:399) ~[ApacheJMeter_core.jar:5.0 r1840935]
	at org.apache.jmeter.control.GenericController.fireIterEvents(GenericController.java:391) ~[ApacheJMeter_core.jar:5.0 r1840935]
	at org.apache.jmeter.control.GenericController.next(GenericController.java:160) ~[ApacheJMeter_core.jar:5.0 r1840935]
	at org.apache.jmeter.control.LoopController.next(LoopController.java:134) ~[ApacheJMeter_core.jar:5.0 r1840935]
	at org.apache.jmeter.threads.AbstractThreadGroup.next(AbstractThreadGroup.java:87) ~[ApacheJMeter_core.jar:5.0 r1840935]
	at org.apache.jmeter.threads.JMeterThread.run(JMeterThread.java:251) [ApacheJMeter_core.jar:5.0 r1840935]
	at java.lang.Thread.run(Unknown Source) [?:1.8.0_162]
2020-09-02 23:21:25,359 INFO o.a.j.t.JMeterThread: Thread finished: update 2-1
2020-09-02 23:21:25,360 INFO o.a.j.t.JMeterThread: Thread started: Delete 3-1
2020-09-02 23:21:25,361 INFO o.a.j.s.FileServer: Stored: E:/apache-jmeter-5.0/apache-jmeter-5.0/apache-jmeter-5.0/bin/spacex/delete.csv
2020-09-02 23:21:25,361 ERROR o.a.j.t.JMeterThread: Test failed!
java.lang.IllegalArgumentException: File delete.csv must exist and be readable
	at org.apache.jmeter.services.FileServer.createBufferedReader(FileServer.java:424) ~[ApacheJMeter_core.jar:5.0 r1840935]
	at org.apache.jmeter.services.FileServer.readLine(FileServer.java:340) ~[ApacheJMeter_core.jar:5.0 r1840935]
	at org.apache.jmeter.config.CSVDataSet.iterationStart(CSVDataSet.java:205) ~[ApacheJMeter_components.jar:5.0 r1840935]
	at org.apache.jmeter.control.GenericController.fireIterationStart(GenericController.java:399) ~[ApacheJMeter_core.jar:5.0 r1840935]
	at org.apache.jmeter.control.GenericController.fireIterEvents(GenericController.java:391) ~[ApacheJMeter_core.jar:5.0 r1840935]
	at org.apache.jmeter.control.GenericController.next(GenericController.java:160) ~[ApacheJMeter_core.jar:5.0 r1840935]
	at org.apache.jmeter.control.LoopController.next(LoopController.java:134) ~[ApacheJMeter_core.jar:5.0 r1840935]
	at org.apache.jmeter.threads.AbstractThreadGroup.next(AbstractThreadGroup.java:87) ~[ApacheJMeter_core.jar:5.0 r1840935]
	at org.apache.jmeter.threads.JMeterThread.run(JMeterThread.java:251) [ApacheJMeter_core.jar:5.0 r1840935]
	at java.lang.Thread.run(Unknown Source) [?:1.8.0_162]
2020-09-02 23:21:25,362 INFO o.a.j.t.JMeterThread: Thread finished: Delete 3-1
2020-09-02 23:22:24,282 INFO o.a.j.g.a.Start: Stopping test
2020-09-02 23:22:24,362 INFO o.a.j.t.JMeterThread: Stopping: Create 1-1
2020-09-02 23:22:24,363 WARN o.a.j.t.JMeterThread: Interrupting: Create 1-1 sampler: HTTP Request
2020-09-02 23:22:24,365 INFO o.a.j.t.JMeterThread: Thread finished: Create 1-1
2020-09-02 23:22:24,365 INFO o.a.j.e.StandardJMeterEngine: Notifying test listeners of end of test
2020-09-02 23:22:24,366 INFO o.a.j.s.FileServer: Close: E:/apache-jmeter-5.0/apache-jmeter-5.0/apache-jmeter-5.0/bin/spacex/create.csv
2020-09-02 23:22:24,367 INFO o.a.j.g.u.JMeterMenuBar: setRunning(false, *local*)
2020-09-02 23:22:36,017 INFO o.a.j.e.StandardJMeterEngine: Running the test!
2020-09-02 23:22:36,018 INFO o.a.j.s.SampleEvent: List of sample_variables: []
2020-09-02 23:22:36,024 INFO o.a.j.g.u.JMeterMenuBar: setRunning(true, *local*)
2020-09-02 23:22:36,239 INFO o.a.j.e.StandardJMeterEngine: Starting ThreadGroup: 1 : Create
2020-09-02 23:22:36,239 INFO o.a.j.e.StandardJMeterEngine: Starting 1 threads for group Create.
2020-09-02 23:22:36,239 INFO o.a.j.e.StandardJMeterEngine: Thread will continue on error
2020-09-02 23:22:36,239 INFO o.a.j.t.ThreadGroup: Starting thread group... number=1 threads=1 ramp-up=1 perThread=1000.0 delayedStart=false
2020-09-02 23:22:36,240 INFO o.a.j.t.ThreadGroup: Started thread group number 1
2020-09-02 23:22:36,240 INFO o.a.j.e.StandardJMeterEngine: Starting ThreadGroup: 2 : update
2020-09-02 23:22:36,240 INFO o.a.j.e.StandardJMeterEngine: Starting 1 threads for group update.
2020-09-02 23:22:36,240 INFO o.a.j.e.StandardJMeterEngine: Thread will continue on error
2020-09-02 23:22:36,240 INFO o.a.j.t.ThreadGroup: Starting thread group... number=2 threads=1 ramp-up=1 perThread=1000.0 delayedStart=false
2020-09-02 23:22:36,240 INFO o.a.j.t.JMeterThread: Thread started: Create 1-1
2020-09-02 23:22:36,241 INFO o.a.j.s.FileServer: Stored: E:/apache-jmeter-5.0/apache-jmeter-5.0/apache-jmeter-5.0/bin/spacex/create.csv
2020-09-02 23:22:36,241 INFO o.a.j.t.ThreadGroup: Started thread group number 2
2020-09-02 23:22:36,241 INFO o.a.j.e.StandardJMeterEngine: Starting ThreadGroup: 3 : Delete
2020-09-02 23:22:36,241 INFO o.a.j.e.StandardJMeterEngine: Starting 1 threads for group Delete.
2020-09-02 23:22:36,241 INFO o.a.j.e.StandardJMeterEngine: Thread will continue on error
2020-09-02 23:22:36,241 INFO o.a.j.t.ThreadGroup: Starting thread group... number=3 threads=1 ramp-up=1 perThread=1000.0 delayedStart=false
2020-09-02 23:22:36,242 INFO o.a.j.t.JMeterThread: Thread started: update 2-1
2020-09-02 23:22:36,242 INFO o.a.j.t.ThreadGroup: Started thread group number 3
2020-09-02 23:22:36,242 INFO o.a.j.e.StandardJMeterEngine: All thread groups have been started
2020-09-02 23:22:36,242 INFO o.a.j.s.FileServer: Stored: E:/apache-jmeter-5.0/apache-jmeter-5.0/apache-jmeter-5.0/bin/spacex/update.csv
2020-09-02 23:22:36,243 INFO o.a.j.t.JMeterThread: Thread started: Delete 3-1
2020-09-02 23:22:36,243 ERROR o.a.j.t.JMeterThread: Test failed!
java.lang.IllegalArgumentException: File update.csv must exist and be readable
	at org.apache.jmeter.services.FileServer.createBufferedReader(FileServer.java:424) ~[ApacheJMeter_core.jar:5.0 r1840935]
	at org.apache.jmeter.services.FileServer.readLine(FileServer.java:340) ~[ApacheJMeter_core.jar:5.0 r1840935]
	at org.apache.jmeter.config.CSVDataSet.iterationStart(CSVDataSet.java:205) ~[ApacheJMeter_components.jar:5.0 r1840935]
	at org.apache.jmeter.control.GenericController.fireIterationStart(GenericController.java:399) ~[ApacheJMeter_core.jar:5.0 r1840935]
	at org.apache.jmeter.control.GenericController.fireIterEvents(GenericController.java:391) ~[ApacheJMeter_core.jar:5.0 r1840935]
	at org.apache.jmeter.control.GenericController.next(GenericController.java:160) ~[ApacheJMeter_core.jar:5.0 r1840935]
	at org.apache.jmeter.control.LoopController.next(LoopController.java:134) ~[ApacheJMeter_core.jar:5.0 r1840935]
	at org.apache.jmeter.threads.AbstractThreadGroup.next(AbstractThreadGroup.java:87) ~[ApacheJMeter_core.jar:5.0 r1840935]
	at org.apache.jmeter.threads.JMeterThread.run(JMeterThread.java:251) [ApacheJMeter_core.jar:5.0 r1840935]
	at java.lang.Thread.run(Unknown Source) [?:1.8.0_162]
2020-09-02 23:22:36,243 INFO o.a.j.s.FileServer: Stored: E:/apache-jmeter-5.0/apache-jmeter-5.0/apache-jmeter-5.0/bin/spacex/delete.csv
2020-09-02 23:22:36,243 INFO o.a.j.t.JMeterThread: Thread finished: update 2-1
2020-09-02 23:22:36,243 ERROR o.a.j.t.JMeterThread: Test failed!
java.lang.IllegalArgumentException: File delete.csv must exist and be readable
	at org.apache.jmeter.services.FileServer.createBufferedReader(FileServer.java:424) ~[ApacheJMeter_core.jar:5.0 r1840935]
	at org.apache.jmeter.services.FileServer.readLine(FileServer.java:340) ~[ApacheJMeter_core.jar:5.0 r1840935]
	at org.apache.jmeter.config.CSVDataSet.iterationStart(CSVDataSet.java:205) ~[ApacheJMeter_components.jar:5.0 r1840935]
	at org.apache.jmeter.control.GenericController.fireIterationStart(GenericController.java:399) ~[ApacheJMeter_core.jar:5.0 r1840935]
	at org.apache.jmeter.control.GenericController.fireIterEvents(GenericController.java:391) ~[ApacheJMeter_core.jar:5.0 r1840935]
	at org.apache.jmeter.control.GenericController.next(GenericController.java:160) ~[ApacheJMeter_core.jar:5.0 r1840935]
	at org.apache.jmeter.control.LoopController.next(LoopController.java:134) ~[ApacheJMeter_core.jar:5.0 r1840935]
	at org.apache.jmeter.threads.AbstractThreadGroup.next(AbstractThreadGroup.java:87) ~[ApacheJMeter_core.jar:5.0 r1840935]
	at org.apache.jmeter.threads.JMeterThread.run(JMeterThread.java:251) [ApacheJMeter_core.jar:5.0 r1840935]
	at java.lang.Thread.run(Unknown Source) [?:1.8.0_162]
2020-09-02 23:22:36,245 INFO o.a.j.t.JMeterThread: Thread finished: Delete 3-1
2020-09-02 23:25:34,643 INFO o.a.j.g.a.Start: Stopping test
2020-09-02 23:25:34,714 INFO o.a.j.t.JMeterThread: Stopping: Create 1-1
2020-09-02 23:25:34,715 WARN o.a.j.t.JMeterThread: Interrupting: Create 1-1 sampler: HTTP Request
2020-09-02 23:25:34,716 INFO o.a.j.t.JMeterThread: Thread finished: Create 1-1
2020-09-02 23:25:34,717 INFO o.a.j.e.StandardJMeterEngine: Notifying test listeners of end of test
2020-09-02 23:25:34,717 INFO o.a.j.s.FileServer: Close: E:/apache-jmeter-5.0/apache-jmeter-5.0/apache-jmeter-5.0/bin/spacex/create.csv
2020-09-02 23:25:34,718 INFO o.a.j.g.u.JMeterMenuBar: setRunning(false, *local*)
2020-09-03 09:28:53,562 INFO o.a.j.e.StandardJMeterEngine: Running the test!
2020-09-03 09:28:53,563 INFO o.a.j.s.SampleEvent: List of sample_variables: []
2020-09-03 09:28:53,574 INFO o.a.j.g.u.JMeterMenuBar: setRunning(true, *local*)
2020-09-03 09:28:53,787 INFO o.a.j.e.StandardJMeterEngine: Starting ThreadGroup: 1 : Create
2020-09-03 09:28:53,787 INFO o.a.j.e.StandardJMeterEngine: Starting 1 threads for group Create.
2020-09-03 09:28:53,787 INFO o.a.j.e.StandardJMeterEngine: Thread will continue on error
2020-09-03 09:28:53,788 INFO o.a.j.t.ThreadGroup: Starting thread group... number=1 threads=1 ramp-up=1 perThread=1000.0 delayedStart=false
2020-09-03 09:28:53,789 INFO o.a.j.t.ThreadGroup: Started thread group number 1
2020-09-03 09:28:53,789 INFO o.a.j.e.StandardJMeterEngine: Starting ThreadGroup: 2 : update
2020-09-03 09:28:53,789 INFO o.a.j.e.StandardJMeterEngine: Starting 1 threads for group update.
2020-09-03 09:28:53,789 INFO o.a.j.e.StandardJMeterEngine: Thread will continue on error
2020-09-03 09:28:53,790 INFO o.a.j.t.ThreadGroup: Starting thread group... number=2 threads=1 ramp-up=1 perThread=1000.0 delayedStart=false
2020-09-03 09:28:53,791 INFO o.a.j.t.ThreadGroup: Started thread group number 2
2020-09-03 09:28:53,791 INFO o.a.j.e.StandardJMeterEngine: Starting ThreadGroup: 3 : Delete
2020-09-03 09:28:53,791 INFO o.a.j.e.StandardJMeterEngine: Starting 1 threads for group Delete.
2020-09-03 09:28:53,791 INFO o.a.j.e.StandardJMeterEngine: Thread will continue on error
2020-09-03 09:28:53,791 INFO o.a.j.t.ThreadGroup: Starting thread group... number=3 threads=1 ramp-up=1 perThread=1000.0 delayedStart=false
2020-09-03 09:28:53,792 INFO o.a.j.t.ThreadGroup: Started thread group number 3
2020-09-03 09:28:53,792 INFO o.a.j.e.StandardJMeterEngine: All thread groups have been started
2020-09-03 09:28:53,794 INFO o.a.j.t.JMeterThread: Thread started: Create 1-1
2020-09-03 09:28:53,794 INFO o.a.j.t.JMeterThread: Thread started: update 2-1
2020-09-03 09:28:53,795 INFO o.a.j.s.FileServer: Stored: E:/apache-jmeter-5.0/apache-jmeter-5.0/apache-jmeter-5.0/bin/spacex/create.csv
2020-09-03 09:28:53,795 INFO o.a.j.s.FileServer: Stored: E:/apache-jmeter-5.0/apache-jmeter-5.0/apache-jmeter-5.0/bin/spacex/update.csv
2020-09-03 09:28:53,795 INFO o.a.j.t.JMeterThread: Thread started: Delete 3-1
2020-09-03 09:28:53,796 INFO o.a.j.s.FileServer: Stored: E:/apache-jmeter-5.0/apache-jmeter-5.0/apache-jmeter-5.0/bin/spacex/delete.csv
2020-09-03 09:28:53,797 ERROR o.a.j.t.JMeterThread: Test failed!
java.lang.IllegalArgumentException: File delete.csv must exist and be readable
	at org.apache.jmeter.services.FileServer.createBufferedReader(FileServer.java:424) ~[ApacheJMeter_core.jar:5.0 r1840935]
	at org.apache.jmeter.services.FileServer.readLine(FileServer.java:340) ~[ApacheJMeter_core.jar:5.0 r1840935]
	at org.apache.jmeter.config.CSVDataSet.iterationStart(CSVDataSet.java:205) ~[ApacheJMeter_components.jar:5.0 r1840935]
	at org.apache.jmeter.control.GenericController.fireIterationStart(GenericController.java:399) ~[ApacheJMeter_core.jar:5.0 r1840935]
	at org.apache.jmeter.control.GenericController.fireIterEvents(GenericController.java:391) ~[ApacheJMeter_core.jar:5.0 r1840935]
	at org.apache.jmeter.control.GenericController.next(GenericController.java:160) ~[ApacheJMeter_core.jar:5.0 r1840935]
	at org.apache.jmeter.control.LoopController.next(LoopController.java:134) ~[ApacheJMeter_core.jar:5.0 r1840935]
	at org.apache.jmeter.threads.AbstractThreadGroup.next(AbstractThreadGroup.java:87) ~[ApacheJMeter_core.jar:5.0 r1840935]
	at org.apache.jmeter.threads.JMeterThread.run(JMeterThread.java:251) [ApacheJMeter_core.jar:5.0 r1840935]
	at java.lang.Thread.run(Unknown Source) [?:1.8.0_162]
2020-09-03 09:28:53,797 INFO o.a.j.t.JMeterThread: Thread finished: Delete 3-1
2020-09-03 09:28:53,802 INFO o.a.j.t.JMeterThread: Thread is done: update 2-1
2020-09-03 09:28:53,802 INFO o.a.j.t.JMeterThread: Thread finished: update 2-1
2020-09-03 09:31:41,880 INFO o.a.j.t.JMeterThread: Thread is done: Create 1-1
2020-09-03 09:31:41,880 INFO o.a.j.t.JMeterThread: Thread finished: Create 1-1
2020-09-03 09:31:41,881 INFO o.a.j.e.StandardJMeterEngine: Notifying test listeners of end of test
2020-09-03 09:31:41,881 INFO o.a.j.s.FileServer: Close: E:/apache-jmeter-5.0/apache-jmeter-5.0/apache-jmeter-5.0/bin/spacex/create.csv
2020-09-03 09:31:41,882 INFO o.a.j.s.FileServer: Close: E:/apache-jmeter-5.0/apache-jmeter-5.0/apache-jmeter-5.0/bin/spacex/update.csv
2020-09-03 09:31:41,921 INFO o.a.j.g.u.JMeterMenuBar: setRunning(false, *local*)
2020-09-03 09:36:45,020 INFO o.a.j.e.StandardJMeterEngine: Running the test!
2020-09-03 09:36:45,021 INFO o.a.j.s.SampleEvent: List of sample_variables: []
2020-09-03 09:36:45,026 INFO o.a.j.g.u.JMeterMenuBar: setRunning(true, *local*)
2020-09-03 09:36:45,269 INFO o.a.j.e.StandardJMeterEngine: Starting ThreadGroup: 1 : Create
2020-09-03 09:36:45,269 INFO o.a.j.e.StandardJMeterEngine: Starting 1 threads for group Create.
2020-09-03 09:36:45,269 INFO o.a.j.e.StandardJMeterEngine: Thread will continue on error
2020-09-03 09:36:45,270 INFO o.a.j.t.ThreadGroup: Starting thread group... number=1 threads=1 ramp-up=1 perThread=1000.0 delayedStart=false
2020-09-03 09:36:45,271 INFO o.a.j.t.ThreadGroup: Started thread group number 1
2020-09-03 09:36:45,271 INFO o.a.j.e.StandardJMeterEngine: Starting ThreadGroup: 2 : update
2020-09-03 09:36:45,271 INFO o.a.j.e.StandardJMeterEngine: Starting 1 threads for group update.
2020-09-03 09:36:45,271 INFO o.a.j.e.StandardJMeterEngine: Thread will continue on error
2020-09-03 09:36:45,272 INFO o.a.j.t.ThreadGroup: Starting thread group... number=2 threads=1 ramp-up=1 perThread=1000.0 delayedStart=false
2020-09-03 09:36:45,276 INFO o.a.j.t.ThreadGroup: Started thread group number 2
2020-09-03 09:36:45,276 INFO o.a.j.e.StandardJMeterEngine: Starting ThreadGroup: 3 : Delete
2020-09-03 09:36:45,276 INFO o.a.j.e.StandardJMeterEngine: Starting 1 threads for group Delete.
2020-09-03 09:36:45,276 INFO o.a.j.e.StandardJMeterEngine: Thread will continue on error
2020-09-03 09:36:45,276 INFO o.a.j.t.ThreadGroup: Starting thread group... number=3 threads=1 ramp-up=1 perThread=1000.0 delayedStart=false
2020-09-03 09:36:45,277 INFO o.a.j.t.ThreadGroup: Started thread group number 3
2020-09-03 09:36:45,277 INFO o.a.j.e.StandardJMeterEngine: All thread groups have been started
2020-09-03 09:36:45,277 INFO o.a.j.t.JMeterThread: Thread started: Create 1-1
2020-09-03 09:36:45,278 INFO o.a.j.t.JMeterThread: Thread started: Delete 3-1
2020-09-03 09:36:45,278 INFO o.a.j.s.FileServer: Stored: E:/apache-jmeter-5.0/apache-jmeter-5.0/apache-jmeter-5.0/bin/spacex/delete.csv
2020-09-03 09:36:45,278 INFO o.a.j.s.FileServer: Stored: E:/apache-jmeter-5.0/apache-jmeter-5.0/apache-jmeter-5.0/bin/spacex/create.csv
2020-09-03 09:36:45,278 ERROR o.a.j.t.JMeterThread: Test failed!
java.lang.IllegalArgumentException: File delete.csv must exist and be readable
	at org.apache.jmeter.services.FileServer.createBufferedReader(FileServer.java:424) ~[ApacheJMeter_core.jar:5.0 r1840935]
	at org.apache.jmeter.services.FileServer.readLine(FileServer.java:340) ~[ApacheJMeter_core.jar:5.0 r1840935]
	at org.apache.jmeter.config.CSVDataSet.iterationStart(CSVDataSet.java:205) ~[ApacheJMeter_components.jar:5.0 r1840935]
	at org.apache.jmeter.control.GenericController.fireIterationStart(GenericController.java:399) ~[ApacheJMeter_core.jar:5.0 r1840935]
	at org.apache.jmeter.control.GenericController.fireIterEvents(GenericController.java:391) ~[ApacheJMeter_core.jar:5.0 r1840935]
	at org.apache.jmeter.control.GenericController.next(GenericController.java:160) ~[ApacheJMeter_core.jar:5.0 r1840935]
	at org.apache.jmeter.control.LoopController.next(LoopController.java:134) ~[ApacheJMeter_core.jar:5.0 r1840935]
	at org.apache.jmeter.threads.AbstractThreadGroup.next(AbstractThreadGroup.java:87) ~[ApacheJMeter_core.jar:5.0 r1840935]
	at org.apache.jmeter.threads.JMeterThread.run(JMeterThread.java:251) [ApacheJMeter_core.jar:5.0 r1840935]
	at java.lang.Thread.run(Unknown Source) [?:1.8.0_162]
2020-09-03 09:36:45,279 INFO o.a.j.t.JMeterThread: Thread finished: Delete 3-1
2020-09-03 09:36:45,279 INFO o.a.j.t.JMeterThread: Thread started: update 2-1
2020-09-03 09:36:45,280 INFO o.a.j.s.FileServer: Stored: E:/apache-jmeter-5.0/apache-jmeter-5.0/apache-jmeter-5.0/bin/spacex/update.csv
2020-09-03 09:36:45,286 INFO o.a.j.t.JMeterThread: Thread is done: update 2-1
2020-09-03 09:36:45,286 INFO o.a.j.t.JMeterThread: Thread finished: update 2-1
2020-09-03 09:39:34,616 INFO o.a.j.g.a.Start: Shutting test down
2020-09-03 09:39:34,700 INFO o.a.j.t.JMeterThread: Stopping: Create 1-1
2020-09-03 09:39:40,289 INFO o.a.j.g.a.Start: Stopping test
2020-09-03 09:39:40,349 INFO o.a.j.t.JMeterThread: Stopping: Create 1-1
2020-09-03 09:39:40,350 WARN o.a.j.t.JMeterThread: Interrupting: Create 1-1 sampler: HTTP Request
2020-09-03 09:39:40,351 INFO o.a.j.t.JMeterThread: Thread finished: Create 1-1
2020-09-03 09:39:40,352 INFO o.a.j.e.StandardJMeterEngine: Notifying test listeners of end of test
2020-09-03 09:39:40,352 INFO o.a.j.s.FileServer: Close: E:/apache-jmeter-5.0/apache-jmeter-5.0/apache-jmeter-5.0/bin/spacex/create.csv
2020-09-03 09:39:40,353 INFO o.a.j.s.FileServer: Close: E:/apache-jmeter-5.0/apache-jmeter-5.0/apache-jmeter-5.0/bin/spacex/update.csv
2020-09-03 09:39:40,354 INFO o.a.j.g.u.JMeterMenuBar: setRunning(false, *local*)
2020-09-03 09:39:49,308 INFO o.a.j.e.StandardJMeterEngine: Running the test!
2020-09-03 09:39:49,308 INFO o.a.j.s.SampleEvent: List of sample_variables: []
2020-09-03 09:39:49,315 INFO o.a.j.g.u.JMeterMenuBar: setRunning(true, *local*)
2020-09-03 09:39:49,509 INFO o.a.j.e.StandardJMeterEngine: Starting ThreadGroup: 1 : Create
2020-09-03 09:39:49,509 INFO o.a.j.e.StandardJMeterEngine: Starting 1 threads for group Create.
2020-09-03 09:39:49,509 INFO o.a.j.e.StandardJMeterEngine: Thread will continue on error
2020-09-03 09:39:49,510 INFO o.a.j.t.ThreadGroup: Starting thread group... number=1 threads=1 ramp-up=1 perThread=1000.0 delayedStart=false
2020-09-03 09:39:49,510 INFO o.a.j.t.ThreadGroup: Started thread group number 1
2020-09-03 09:39:49,511 INFO o.a.j.e.StandardJMeterEngine: Starting ThreadGroup: 2 : update
2020-09-03 09:39:49,511 INFO o.a.j.e.StandardJMeterEngine: Starting 1 threads for group update.
2020-09-03 09:39:49,511 INFO o.a.j.e.StandardJMeterEngine: Thread will continue on error
2020-09-03 09:39:49,511 INFO o.a.j.t.ThreadGroup: Starting thread group... number=2 threads=1 ramp-up=1 perThread=1000.0 delayedStart=false
2020-09-03 09:39:49,511 INFO o.a.j.t.JMeterThread: Thread started: Create 1-1
2020-09-03 09:39:49,511 INFO o.a.j.s.FileServer: Stored: E:/apache-jmeter-5.0/apache-jmeter-5.0/apache-jmeter-5.0/bin/spacex/create.csv
2020-09-03 09:39:49,511 INFO o.a.j.t.ThreadGroup: Started thread group number 2
2020-09-03 09:39:49,512 INFO o.a.j.e.StandardJMeterEngine: Starting ThreadGroup: 3 : Delete
2020-09-03 09:39:49,512 INFO o.a.j.e.StandardJMeterEngine: Starting 1 threads for group Delete.
2020-09-03 09:39:49,512 INFO o.a.j.e.StandardJMeterEngine: Thread will continue on error
2020-09-03 09:39:49,512 INFO o.a.j.t.ThreadGroup: Starting thread group... number=3 threads=1 ramp-up=1 perThread=1000.0 delayedStart=false
2020-09-03 09:39:49,512 INFO o.a.j.t.JMeterThread: Thread started: update 2-1
2020-09-03 09:39:49,513 INFO o.a.j.t.ThreadGroup: Started thread group number 3
2020-09-03 09:39:49,513 INFO o.a.j.e.StandardJMeterEngine: All thread groups have been started
2020-09-03 09:39:49,513 INFO o.a.j.s.FileServer: Stored: E:/apache-jmeter-5.0/apache-jmeter-5.0/apache-jmeter-5.0/bin/spacex/update.csv
2020-09-03 09:39:49,513 INFO o.a.j.t.JMeterThread: Thread started: Delete 3-1
2020-09-03 09:39:49,517 INFO o.a.j.s.FileServer: Stored: E:/apache-jmeter-5.0/apache-jmeter-5.0/apache-jmeter-5.0/bin/spacex/delete.csv
2020-09-03 09:39:49,517 ERROR o.a.j.t.JMeterThread: Test failed!
java.lang.IllegalArgumentException: File delete.csv must exist and be readable
	at org.apache.jmeter.services.FileServer.createBufferedReader(FileServer.java:424) ~[ApacheJMeter_core.jar:5.0 r1840935]
	at org.apache.jmeter.services.FileServer.readLine(FileServer.java:340) ~[ApacheJMeter_core.jar:5.0 r1840935]
	at org.apache.jmeter.config.CSVDataSet.iterationStart(CSVDataSet.java:205) ~[ApacheJMeter_components.jar:5.0 r1840935]
	at org.apache.jmeter.control.GenericController.fireIterationStart(GenericController.java:399) ~[ApacheJMeter_core.jar:5.0 r1840935]
	at org.apache.jmeter.control.GenericController.fireIterEvents(GenericController.java:391) ~[ApacheJMeter_core.jar:5.0 r1840935]
	at org.apache.jmeter.control.GenericController.next(GenericController.java:160) ~[ApacheJMeter_core.jar:5.0 r1840935]
	at org.apache.jmeter.control.LoopController.next(LoopController.java:134) ~[ApacheJMeter_core.jar:5.0 r1840935]
	at org.apache.jmeter.threads.AbstractThreadGroup.next(AbstractThreadGroup.java:87) ~[ApacheJMeter_core.jar:5.0 r1840935]
	at org.apache.jmeter.threads.JMeterThread.run(JMeterThread.java:251) [ApacheJMeter_core.jar:5.0 r1840935]
	at java.lang.Thread.run(Unknown Source) [?:1.8.0_162]
2020-09-03 09:39:49,518 INFO o.a.j.t.JMeterThread: Thread finished: Delete 3-1
2020-09-03 09:40:05,022 INFO o.a.j.g.a.Start: Stopping test
2020-09-03 09:40:05,080 INFO o.a.j.t.JMeterThread: Stopping: Create 1-1
2020-09-03 09:40:05,080 WARN o.a.j.t.JMeterThread: Interrupting: Create 1-1 sampler: HTTP Request
2020-09-03 09:40:05,081 INFO o.a.j.t.JMeterThread: Stopping: update 2-1
2020-09-03 09:40:05,081 WARN o.a.j.t.JMeterThread: Interrupting: update 2-1 sampler: HTTP Request
2020-09-03 09:40:05,083 INFO o.a.j.t.JMeterThread: Thread finished: Create 1-1
2020-09-03 09:40:05,084 INFO o.a.j.t.JMeterThread: Thread finished: update 2-1
2020-09-03 09:40:05,084 INFO o.a.j.e.StandardJMeterEngine: Notifying test listeners of end of test
2020-09-03 09:40:05,084 INFO o.a.j.s.FileServer: Close: E:/apache-jmeter-5.0/apache-jmeter-5.0/apache-jmeter-5.0/bin/spacex/create.csv
2020-09-03 09:40:05,085 INFO o.a.j.s.FileServer: Close: E:/apache-jmeter-5.0/apache-jmeter-5.0/apache-jmeter-5.0/bin/spacex/update.csv
2020-09-03 09:40:05,086 INFO o.a.j.g.u.JMeterMenuBar: setRunning(false, *local*)
2020-09-03 09:40:16,156 INFO o.a.j.e.StandardJMeterEngine: Running the test!
2020-09-03 09:40:16,157 INFO o.a.j.s.SampleEvent: List of sample_variables: []
2020-09-03 09:40:16,161 INFO o.a.j.g.u.JMeterMenuBar: setRunning(true, *local*)
2020-09-03 09:40:16,342 INFO o.a.j.e.StandardJMeterEngine: Starting ThreadGroup: 1 : Create
2020-09-03 09:40:16,342 INFO o.a.j.e.StandardJMeterEngine: Starting 1 threads for group Create.
2020-09-03 09:40:16,342 INFO o.a.j.e.StandardJMeterEngine: Thread will continue on error
2020-09-03 09:40:16,342 INFO o.a.j.t.ThreadGroup: Starting thread group... number=1 threads=1 ramp-up=1 perThread=1000.0 delayedStart=false
2020-09-03 09:40:16,343 INFO o.a.j.t.ThreadGroup: Started thread group number 1
2020-09-03 09:40:16,343 INFO o.a.j.e.StandardJMeterEngine: Starting ThreadGroup: 2 : update
2020-09-03 09:40:16,343 INFO o.a.j.e.StandardJMeterEngine: Starting 1 threads for group update.
2020-09-03 09:40:16,343 INFO o.a.j.e.StandardJMeterEngine: Thread will continue on error
2020-09-03 09:40:16,343 INFO o.a.j.t.ThreadGroup: Starting thread group... number=2 threads=1 ramp-up=1 perThread=1000.0 delayedStart=false
2020-09-03 09:40:16,344 INFO o.a.j.t.JMeterThread: Thread started: Create 1-1
2020-09-03 09:40:16,344 INFO o.a.j.s.FileServer: Stored: E:/apache-jmeter-5.0/apache-jmeter-5.0/apache-jmeter-5.0/bin/spacex/create.csv
2020-09-03 09:40:16,344 INFO o.a.j.t.ThreadGroup: Started thread group number 2
2020-09-03 09:40:16,344 INFO o.a.j.e.StandardJMeterEngine: Starting ThreadGroup: 3 : Delete
2020-09-03 09:40:16,345 INFO o.a.j.e.StandardJMeterEngine: Starting 1 threads for group Delete.
2020-09-03 09:40:16,345 INFO o.a.j.e.StandardJMeterEngine: Thread will continue on error
2020-09-03 09:40:16,345 INFO o.a.j.t.ThreadGroup: Starting thread group... number=3 threads=1 ramp-up=1 perThread=1000.0 delayedStart=false
2020-09-03 09:40:16,346 INFO o.a.j.t.ThreadGroup: Started thread group number 3
2020-09-03 09:40:16,346 INFO o.a.j.e.StandardJMeterEngine: All thread groups have been started
2020-09-03 09:40:16,346 INFO o.a.j.t.JMeterThread: Thread started: update 2-1
2020-09-03 09:40:16,347 INFO o.a.j.s.FileServer: Stored: E:/apache-jmeter-5.0/apache-jmeter-5.0/apache-jmeter-5.0/bin/spacex/update.csv
2020-09-03 09:40:16,351 INFO o.a.j.t.JMeterThread: Thread started: Delete 3-1
2020-09-03 09:40:16,351 INFO o.a.j.s.FileServer: Stored: E:/apache-jmeter-5.0/apache-jmeter-5.0/apache-jmeter-5.0/bin/spacex/delete.csv
2020-09-03 09:40:16,352 ERROR o.a.j.t.JMeterThread: Test failed!
java.lang.IllegalArgumentException: File delete.csv must exist and be readable
	at org.apache.jmeter.services.FileServer.createBufferedReader(FileServer.java:424) ~[ApacheJMeter_core.jar:5.0 r1840935]
	at org.apache.jmeter.services.FileServer.readLine(FileServer.java:340) ~[ApacheJMeter_core.jar:5.0 r1840935]
	at org.apache.jmeter.config.CSVDataSet.iterationStart(CSVDataSet.java:205) ~[ApacheJMeter_components.jar:5.0 r1840935]
	at org.apache.jmeter.control.GenericController.fireIterationStart(GenericController.java:399) ~[ApacheJMeter_core.jar:5.0 r1840935]
	at org.apache.jmeter.control.GenericController.fireIterEvents(GenericController.java:391) ~[ApacheJMeter_core.jar:5.0 r1840935]
	at org.apache.jmeter.control.GenericController.next(GenericController.java:160) ~[ApacheJMeter_core.jar:5.0 r1840935]
	at org.apache.jmeter.control.LoopController.next(LoopController.java:134) ~[ApacheJMeter_core.jar:5.0 r1840935]
	at org.apache.jmeter.threads.AbstractThreadGroup.next(AbstractThreadGroup.java:87) ~[ApacheJMeter_core.jar:5.0 r1840935]
	at org.apache.jmeter.threads.JMeterThread.run(JMeterThread.java:251) [ApacheJMeter_core.jar:5.0 r1840935]
	at java.lang.Thread.run(Unknown Source) [?:1.8.0_162]
2020-09-03 09:40:16,352 INFO o.a.j.t.JMeterThread: Thread finished: Delete 3-1
2020-09-03 09:41:15,517 INFO o.a.j.g.a.Start: Stopping test
2020-09-03 09:41:15,587 INFO o.a.j.t.JMeterThread: Stopping: Create 1-1
2020-09-03 09:41:15,587 WARN o.a.j.t.JMeterThread: Interrupting: Create 1-1 sampler: HTTP Request
2020-09-03 09:41:15,588 INFO o.a.j.t.JMeterThread: Stopping: update 2-1
2020-09-03 09:41:15,588 WARN o.a.j.t.JMeterThread: Interrupting: update 2-1 sampler: HTTP Request
2020-09-03 09:41:15,590 INFO o.a.j.t.JMeterThread: Thread finished: update 2-1
2020-09-03 09:41:15,591 INFO o.a.j.t.JMeterThread: Thread finished: Create 1-1
2020-09-03 09:41:15,592 INFO o.a.j.e.StandardJMeterEngine: Notifying test listeners of end of test
2020-09-03 09:41:15,592 INFO o.a.j.s.FileServer: Close: E:/apache-jmeter-5.0/apache-jmeter-5.0/apache-jmeter-5.0/bin/spacex/create.csv
2020-09-03 09:41:15,592 INFO o.a.j.s.FileServer: Close: E:/apache-jmeter-5.0/apache-jmeter-5.0/apache-jmeter-5.0/bin/spacex/update.csv
2020-09-03 09:41:15,594 INFO o.a.j.g.u.JMeterMenuBar: setRunning(false, *local*)
2020-09-03 10:10:29,392 INFO o.a.j.e.StandardJMeterEngine: Running the test!
2020-09-03 10:10:29,392 INFO o.a.j.s.SampleEvent: List of sample_variables: []
2020-09-03 10:10:29,408 INFO o.a.j.g.u.JMeterMenuBar: setRunning(true, *local*)
2020-09-03 10:10:29,701 INFO o.a.j.e.StandardJMeterEngine: Starting ThreadGroup: 1 : Create
2020-09-03 10:10:29,701 INFO o.a.j.e.StandardJMeterEngine: Starting 1 threads for group Create.
2020-09-03 10:10:29,702 INFO o.a.j.e.StandardJMeterEngine: Thread will continue on error
2020-09-03 10:10:29,702 INFO o.a.j.t.ThreadGroup: Starting thread group... number=1 threads=1 ramp-up=1 perThread=1000.0 delayedStart=false
2020-09-03 10:10:29,703 INFO o.a.j.t.ThreadGroup: Started thread group number 1
2020-09-03 10:10:29,703 INFO o.a.j.e.StandardJMeterEngine: Starting ThreadGroup: 2 : update
2020-09-03 10:10:29,703 INFO o.a.j.e.StandardJMeterEngine: Starting 1 threads for group update.
2020-09-03 10:10:29,703 INFO o.a.j.e.StandardJMeterEngine: Thread will continue on error
2020-09-03 10:10:29,703 INFO o.a.j.t.ThreadGroup: Starting thread group... number=2 threads=1 ramp-up=1 perThread=1000.0 delayedStart=false
2020-09-03 10:10:29,704 INFO o.a.j.t.ThreadGroup: Started thread group number 2
2020-09-03 10:10:29,705 INFO o.a.j.e.StandardJMeterEngine: Starting ThreadGroup: 3 : Delete
2020-09-03 10:10:29,705 INFO o.a.j.e.StandardJMeterEngine: Starting 1 threads for group Delete.
2020-09-03 10:10:29,705 INFO o.a.j.e.StandardJMeterEngine: Thread will continue on error
2020-09-03 10:10:29,705 INFO o.a.j.t.ThreadGroup: Starting thread group... number=3 threads=1 ramp-up=1 perThread=1000.0 delayedStart=false
2020-09-03 10:10:29,706 INFO o.a.j.t.ThreadGroup: Started thread group number 3
2020-09-03 10:10:29,706 INFO o.a.j.e.StandardJMeterEngine: All thread groups have been started
2020-09-03 10:10:29,708 INFO o.a.j.t.JMeterThread: Thread started: update 2-1
2020-09-03 10:10:29,709 INFO o.a.j.s.FileServer: Stored: E:/apache-jmeter-5.0/apache-jmeter-5.0/apache-jmeter-5.0/bin/spacex/update.csv
2020-09-03 10:10:29,712 INFO o.a.j.t.JMeterThread: Thread started: Delete 3-1
2020-09-03 10:10:29,713 INFO o.a.j.s.FileServer: Stored: E:/apache-jmeter-5.0/apache-jmeter-5.0/apache-jmeter-5.0/bin/spacex/delete.csv
2020-09-03 10:10:29,716 INFO o.a.j.t.JMeterThread: Thread is done: Delete 3-1
2020-09-03 10:10:29,716 INFO o.a.j.t.JMeterThread: Thread finished: Delete 3-1
2020-09-03 10:10:29,717 INFO o.a.j.t.JMeterThread: Thread started: Create 1-1
2020-09-03 10:10:29,718 INFO o.a.j.s.FileServer: Stored: E:/apache-jmeter-5.0/apache-jmeter-5.0/apache-jmeter-5.0/bin/spacex/create.csv
2020-09-03 10:11:01,997 INFO o.a.j.g.a.Start: Shutting test down
2020-09-03 10:11:02,077 INFO o.a.j.t.JMeterThread: Stopping: Create 1-1
2020-09-03 10:11:02,078 INFO o.a.j.t.JMeterThread: Stopping: update 2-1
2020-09-03 10:11:07,566 INFO o.a.j.g.a.Start: Stopping test
2020-09-03 10:11:07,629 INFO o.a.j.t.JMeterThread: Stopping: Create 1-1
2020-09-03 10:11:07,629 WARN o.a.j.t.JMeterThread: Interrupting: Create 1-1 sampler: HTTP Request
2020-09-03 10:11:07,631 INFO o.a.j.t.JMeterThread: Stopping: update 2-1
2020-09-03 10:11:07,631 WARN o.a.j.t.JMeterThread: Interrupting: update 2-1 sampler: HTTP Request
2020-09-03 10:11:07,633 INFO o.a.j.t.JMeterThread: Thread finished: Create 1-1
2020-09-03 10:11:07,634 INFO o.a.j.t.JMeterThread: Thread finished: update 2-1
2020-09-03 10:11:07,635 INFO o.a.j.e.StandardJMeterEngine: Notifying test listeners of end of test
2020-09-03 10:11:07,635 INFO o.a.j.s.FileServer: Close: E:/apache-jmeter-5.0/apache-jmeter-5.0/apache-jmeter-5.0/bin/spacex/delete.csv
2020-09-03 10:11:07,635 INFO o.a.j.s.FileServer: Close: E:/apache-jmeter-5.0/apache-jmeter-5.0/apache-jmeter-5.0/bin/spacex/create.csv
2020-09-03 10:11:07,636 INFO o.a.j.s.FileServer: Close: E:/apache-jmeter-5.0/apache-jmeter-5.0/apache-jmeter-5.0/bin/spacex/update.csv
2020-09-03 10:11:07,638 INFO o.a.j.g.u.JMeterMenuBar: setRunning(false, *local*)
2020-09-03 10:11:20,515 INFO o.a.j.e.StandardJMeterEngine: Running the test!
2020-09-03 10:11:20,516 INFO o.a.j.s.SampleEvent: List of sample_variables: []
2020-09-03 10:11:20,522 INFO o.a.j.g.u.JMeterMenuBar: setRunning(true, *local*)
2020-09-03 10:11:20,705 INFO o.a.j.e.StandardJMeterEngine: Starting ThreadGroup: 1 : Create
2020-09-03 10:11:20,705 INFO o.a.j.e.StandardJMeterEngine: Starting 1 threads for group Create.
2020-09-03 10:11:20,705 INFO o.a.j.e.StandardJMeterEngine: Thread will continue on error
2020-09-03 10:11:20,705 INFO o.a.j.t.ThreadGroup: Starting thread group... number=1 threads=1 ramp-up=1 perThread=1000.0 delayedStart=false
2020-09-03 10:11:20,706 INFO o.a.j.t.ThreadGroup: Started thread group number 1
2020-09-03 10:11:20,706 INFO o.a.j.e.StandardJMeterEngine: Starting ThreadGroup: 2 : update
2020-09-03 10:11:20,706 INFO o.a.j.e.StandardJMeterEngine: Starting 1 threads for group update.
2020-09-03 10:11:20,706 INFO o.a.j.e.StandardJMeterEngine: Thread will continue on error
2020-09-03 10:11:20,706 INFO o.a.j.t.ThreadGroup: Starting thread group... number=2 threads=1 ramp-up=1 perThread=1000.0 delayedStart=false
2020-09-03 10:11:20,706 INFO o.a.j.t.JMeterThread: Thread started: Create 1-1
2020-09-03 10:11:20,707 INFO o.a.j.t.ThreadGroup: Started thread group number 2
2020-09-03 10:11:20,707 INFO o.a.j.e.StandardJMeterEngine: Starting ThreadGroup: 3 : Delete
2020-09-03 10:11:20,707 INFO o.a.j.e.StandardJMeterEngine: Starting 1 threads for group Delete.
2020-09-03 10:11:20,707 INFO o.a.j.e.StandardJMeterEngine: Thread will continue on error
2020-09-03 10:11:20,707 INFO o.a.j.t.ThreadGroup: Starting thread group... number=3 threads=1 ramp-up=1 perThread=1000.0 delayedStart=false
2020-09-03 10:11:20,707 INFO o.a.j.t.JMeterThread: Thread started: update 2-1
2020-09-03 10:11:20,708 INFO o.a.j.s.FileServer: Stored: E:/apache-jmeter-5.0/apache-jmeter-5.0/apache-jmeter-5.0/bin/spacex/update.csv
2020-09-03 10:11:20,709 INFO o.a.j.t.ThreadGroup: Started thread group number 3
2020-09-03 10:11:20,709 INFO o.a.j.e.StandardJMeterEngine: All thread groups have been started
2020-09-03 10:11:20,711 INFO o.a.j.s.FileServer: Stored: E:/apache-jmeter-5.0/apache-jmeter-5.0/apache-jmeter-5.0/bin/spacex/create.csv
2020-09-03 10:11:20,712 INFO o.a.j.t.JMeterThread: Thread started: Delete 3-1
2020-09-03 10:11:20,712 INFO o.a.j.s.FileServer: Stored: E:/apache-jmeter-5.0/apache-jmeter-5.0/apache-jmeter-5.0/bin/spacex/delete.csv
2020-09-03 10:11:20,716 INFO o.a.j.t.JMeterThread: Thread is done: Delete 3-1
2020-09-03 10:11:20,716 INFO o.a.j.t.JMeterThread: Thread finished: Delete 3-1
